This file contains any messages produced by compilers while
running configure, to aid debugging if configure makes a mistake.

It was created by Samtools configure 1.19.2, which was
generated by GNU Autoconf 2.72.  Invocation command line was

  $ ./configure CPPFLAGS=-I/cluster/home/Kangwen/opt/bzip2/include 'LDFLAGS=-L/cluster/home/Kangwen/opt/bzip2/lib -Wl,-R/cluster/home/Kangwen/opt/bzip2/lib' --without-curses --disable-bz2 --disable-lzma --prefix=/cluster/home/Kangwen/anaconda3/envs/stark/lib/python3.9/site-packages/sc3dg/samtools

## --------- ##
## Platform. ##
## --------- ##

hostname = node2
uname -m = x86_64
uname -r = 3.10.0-957.el7.x86_64
uname -s = Linux
uname -v = #1 SMP Thu Nov 8 23:39:32 UTC 2018

/usr/bin/uname -p = x86_64
/bin/uname -X     = unknown

/bin/arch              = x86_64
/usr/bin/arch -k       = unknown
/usr/convex/getsysinfo = unknown
/usr/bin/hostinfo      = unknown
/bin/machine           = unknown
/usr/bin/oslevel       = unknown
/bin/universe          = unknown

PATH: /cluster/home/Kangwen/.vscode-server/bin/8b3775030ed1a69b13e4f4c628c612102e30a681/bin/remote-cli/
PATH: /cluster/home/Kangwen/softwares/google-cloud-sdk/bin/
PATH: /cluster/home/Kangwen/.aspera/connect/bin/
PATH: /cluster/home/Kangwen/softwares/pigz-2.8/
PATH: /cluster/home/Kangwen/softwares/bcftools-1.2/htslib-1.2.1/bin/
PATH: /cluster/home/Kangwen/softwares/hickit-0.1.1_x64-linux/
PATH: /cluster/home/Kangwen/softwares/samtools-1.18/
PATH: /cluster/home/Kangwen/softwares/bwa-0.7.17/
PATH: /cluster/home/Kangwen/.aspera/connect/bin/
PATH: /cluster/home/Kangwen/softwares/sratoolkit.3.0.0-centos_linux64/bin/
PATH: /cluster/home/Kangwen/softwares/cellranger-7.1.0/bin/
PATH: /cluster/home/Kangwen/anaconda3/envs/stark/bin/
PATH: /opt/simplehpc/miniconda3/bin/
PATH: /opt/simplehpc/scm/bin/
PATH: /usr/lib64/qt-3.3/bin/
PATH: /usr/local/sbin/
PATH: /usr/local/bin/
PATH: /usr/sbin/
PATH: /usr/bin/
PATH: /opt/ibutils/bin/
PATH: /cluster/home/Kangwen/.local/bin/
PATH: /cluster/home/Kangwen/bin/
PATH: /cluster/home/Kangwen/softwares/google-cloud-sdk/bin/
PATH: /cluster/home/Kangwen/.aspera/connect/bin/
PATH: /cluster/home/Kangwen/softwares/pigz-2.8/
PATH: /cluster/home/Kangwen/softwares/bcftools-1.2/htslib-1.2.1/bin/
PATH: /cluster/home/Kangwen/softwares/hickit-0.1.1_x64-linux/
PATH: /cluster/home/Kangwen/softwares/samtools-1.18/
PATH: /cluster/home/Kangwen/softwares/bwa-0.7.17/
PATH: /cluster/home/Kangwen/.aspera/connect/bin/
PATH: /cluster/home/Kangwen/softwares/sratoolkit.3.0.0-centos_linux64/bin/
PATH: /cluster/home/Kangwen/softwares/cellranger-7.1.0/bin/
PATH: /cluster/home/Kangwen/anaconda3/bin/
PATH: /opt/simplehpc/miniconda3/bin/
PATH: /opt/simplehpc/scm/bin/
PATH: /usr/lib64/qt-3.3/bin/
PATH: /usr/local/sbin/
PATH: /usr/local/bin/
PATH: /usr/sbin/
PATH: /usr/bin/
PATH: /opt/ibutils/bin/


## ----------- ##
## Core tests. ##
## ----------- ##

configure:2537: checking for gawk
configure:2558: found /usr/bin/gawk
configure:2570: result: gawk
configure:2644: checking for gcc
configure:2665: found /usr/bin/gcc
configure:2677: result: gcc
configure:3036: checking for C compiler version
configure:3045: gcc --version >&5
gcc (GCC) 4.8.5 20150623 (Red Hat 4.8.5-36)
Copyright (C) 2015 Free Software Foundation, Inc.
This is free software; see the source for copying conditions.  There is NO
warranty; not even for MERCHANTABILITY or FITNESS FOR A PARTICULAR PURPOSE.

configure:3056: $? = 0
configure:3045: gcc -v >&5
Using built-in specs.
COLLECT_GCC=gcc
COLLECT_LTO_WRAPPER=/usr/libexec/gcc/x86_64-redhat-linux/4.8.5/lto-wrapper
Target: x86_64-redhat-linux
Configured with: ../configure --prefix=/usr --mandir=/usr/share/man --infodir=/usr/share/info --with-bugurl=http://bugzilla.redhat.com/bugzilla --enable-bootstrap --enable-shared --enable-threads=posix --enable-checking=release --with-system-zlib --enable-__cxa_atexit --disable-libunwind-exceptions --enable-gnu-unique-object --enable-linker-build-id --with-linker-hash-style=gnu --enable-languages=c,c++,objc,obj-c++,java,fortran,ada,go,lto --enable-plugin --enable-initfini-array --disable-libgcj --with-isl=/builddir/build/BUILD/gcc-4.8.5-20150702/obj-x86_64-redhat-linux/isl-install --with-cloog=/builddir/build/BUILD/gcc-4.8.5-20150702/obj-x86_64-redhat-linux/cloog-install --enable-gnu-indirect-function --with-tune=generic --with-arch_32=x86-64 --build=x86_64-redhat-linux
Thread model: posix
gcc version 4.8.5 20150623 (Red Hat 4.8.5-36) (GCC) 
configure:3056: $? = 0
configure:3045: gcc -V >&5
gcc: error: unrecognized command line option '-V'
gcc: fatal error: no input files
compilation terminated.
configure:3056: $? = 4
configure:3045: gcc -qversion >&5
gcc: error: unrecognized command line option '-qversion'
gcc: fatal error: no input files
compilation terminated.
configure:3056: $? = 4
configure:3045: gcc -version >&5
gcc: error: unrecognized command line option '-version'
gcc: fatal error: no input files
compilation terminated.
configure:3056: $? = 4
configure:3076: checking whether the C compiler works
configure:3098: gcc  -I/cluster/home/Kangwen/opt/bzip2/include -L/cluster/home/Kangwen/opt/bzip2/lib -Wl,-R/cluster/home/Kangwen/opt/bzip2/lib conftest.c  >&5
configure:3102: $? = 0
configure:3153: result: yes
configure:3157: checking for C compiler default output file name
configure:3159: result: a.out
configure:3165: checking for suffix of executables
configure:3172: gcc -o conftest  -I/cluster/home/Kangwen/opt/bzip2/include -L/cluster/home/Kangwen/opt/bzip2/lib -Wl,-R/cluster/home/Kangwen/opt/bzip2/lib conftest.c  >&5
configure:3176: $? = 0
configure:3200: result: 
configure:3224: checking whether we are cross compiling
configure:3232: gcc -o conftest  -I/cluster/home/Kangwen/opt/bzip2/include -L/cluster/home/Kangwen/opt/bzip2/lib -Wl,-R/cluster/home/Kangwen/opt/bzip2/lib conftest.c  >&5
configure:3236: $? = 0
configure:3243: ./conftest
configure:3247: $? = 0
configure:3262: result: no
configure:3268: checking for suffix of object files
configure:3291: gcc -c  -I/cluster/home/Kangwen/opt/bzip2/include conftest.c >&5
configure:3295: $? = 0
configure:3319: result: o
configure:3323: checking whether the compiler supports GNU C
configure:3343: gcc -c  -I/cluster/home/Kangwen/opt/bzip2/include conftest.c >&5
configure:3343: $? = 0
configure:3355: result: yes
configure:3366: checking whether gcc accepts -g
configure:3387: gcc -c -g -I/cluster/home/Kangwen/opt/bzip2/include conftest.c >&5
configure:3387: $? = 0
configure:3434: result: yes
configure:3454: checking for gcc option to enable C11 features
configure:3469: gcc  -c -g -O2 -I/cluster/home/Kangwen/opt/bzip2/include conftest.c >&5
conftest.c:74:3: error: #error "Compiler does not advertise C99 conformance"
 # error "Compiler does not advertise C99 conformance"
   ^
conftest.c:132:29: error: expected ';', ',' or ')' before 'text'
 test_restrict (ccp restrict text)
                             ^
conftest.c:180:3: error: #error "Compiler does not advertise C11 conformance"
 # error "Compiler does not advertise C11 conformance"
   ^
conftest.c:211:12: error: 'syntax' undeclared here (not in a function)
 #define u8 syntax error!
            ^
conftest.c:212:29: note: in expansion of macro 'u8'
 char const utf8_literal[] = u8"happens to be ASCII" "another string";
                             ^
conftest.c:211:19: error: expected ',' or ';' before 'error'
 #define u8 syntax error!
                   ^
conftest.c:212:29: note: in expansion of macro 'u8'
 char const utf8_literal[] = u8"happens to be ASCII" "another string";
                             ^
conftest.c: In function 'main':
conftest.c:245:18: error: expected '=', ',', ';', 'asm' or '__attribute__' before 'newvar'
   char *restrict newvar = "Another string";
                  ^
conftest.c:245:18: error: 'newvar' undeclared (first use in this function)
conftest.c:245:18: note: each undeclared identifier is reported only once for each function it appears in
conftest.c:255:3: error: 'for' loop initial declarations are only allowed in C99 mode
   for (int i = 0; i < ia->datasize; ++i)
   ^
conftest.c:255:3: note: use option -std=c99 or -std=gnu99 to compile your code
configure:3469: $? = 1
configure: failed program was:
| /* confdefs.h */
| #define PACKAGE_NAME "Samtools"
| #define PACKAGE_TARNAME "samtools"
| #define PACKAGE_VERSION "1.19.2"
| #define PACKAGE_STRING "Samtools 1.19.2"
| #define PACKAGE_BUGREPORT "samtools-help@lists.sourceforge.net"
| #define PACKAGE_URL "http://www.htslib.org/"
| /* end confdefs.h.  */
| 
| /* Does the compiler advertise C89 conformance?
|    Do not test the value of __STDC__, because some compilers set it to 0
|    while being otherwise adequately conformant. */
| #if !defined __STDC__
| # error "Compiler does not advertise C89 conformance"
| #endif
| 
| #include <stddef.h>
| #include <stdarg.h>
| struct stat;
| /* Most of the following tests are stolen from RCS 5.7 src/conf.sh.  */
| struct buf { int x; };
| struct buf * (*rcsopen) (struct buf *, struct stat *, int);
| static char *e (char **p, int i)
| {
|   return p[i];
| }
| static char *f (char * (*g) (char **, int), char **p, ...)
| {
|   char *s;
|   va_list v;
|   va_start (v,p);
|   s = g (p, va_arg (v,int));
|   va_end (v);
|   return s;
| }
| 
| /* C89 style stringification. */
| #define noexpand_stringify(a) #a
| const char *stringified = noexpand_stringify(arbitrary+token=sequence);
| 
| /* C89 style token pasting.  Exercises some of the corner cases that
|    e.g. old MSVC gets wrong, but not very hard. */
| #define noexpand_concat(a,b) a##b
| #define expand_concat(a,b) noexpand_concat(a,b)
| extern int vA;
| extern int vbee;
| #define aye A
| #define bee B
| int *pvA = &expand_concat(v,aye);
| int *pvbee = &noexpand_concat(v,bee);
| 
| /* OSF 4.0 Compaq cc is some sort of almost-ANSI by default.  It has
|    function prototypes and stuff, but not \xHH hex character constants.
|    These do not provoke an error unfortunately, instead are silently treated
|    as an "x".  The following induces an error, until -std is added to get
|    proper ANSI mode.  Curiously \x00 != x always comes out true, for an
|    array size at least.  It is necessary to write \x00 == 0 to get something
|    that is true only with -std.  */
| int osf4_cc_array ['\x00' == 0 ? 1 : -1];
| 
| /* IBM C 6 for AIX is almost-ANSI by default, but it replaces macro parameters
|    inside strings and character constants.  */
| #define FOO(x) 'x'
| int xlc6_cc_array[FOO(a) == 'x' ? 1 : -1];
| 
| int test (int i, double x);
| struct s1 {int (*f) (int a);};
| struct s2 {int (*f) (double a);};
| int pairnames (int, char **, int *(*)(struct buf *, struct stat *, int),
|                int, int);
| 
| /* Does the compiler advertise C99 conformance? */
| #if !defined __STDC_VERSION__ || __STDC_VERSION__ < 199901L
| # error "Compiler does not advertise C99 conformance"
| #endif
| 
| // See if C++-style comments work.
| 
| #include <stdbool.h>
| extern int puts (const char *);
| extern int printf (const char *, ...);
| extern int dprintf (int, const char *, ...);
| extern void *malloc (size_t);
| extern void free (void *);
| 
| // Check varargs macros.  These examples are taken from C99 6.10.3.5.
| // dprintf is used instead of fprintf to avoid needing to declare
| // FILE and stderr.
| #define debug(...) dprintf (2, __VA_ARGS__)
| #define showlist(...) puts (#__VA_ARGS__)
| #define report(test,...) ((test) ? puts (#test) : printf (__VA_ARGS__))
| static void
| test_varargs_macros (void)
| {
|   int x = 1234;
|   int y = 5678;
|   debug ("Flag");
|   debug ("X = %d\n", x);
|   showlist (The first, second, and third items.);
|   report (x>y, "x is %d but y is %d", x, y);
| }
| 
| // Check long long types.
| #define BIG64 18446744073709551615ull
| #define BIG32 4294967295ul
| #define BIG_OK (BIG64 / BIG32 == 4294967297ull && BIG64 % BIG32 == 0)
| #if !BIG_OK
|   #error "your preprocessor is broken"
| #endif
| #if BIG_OK
| #else
|   #error "your preprocessor is broken"
| #endif
| static long long int bignum = -9223372036854775807LL;
| static unsigned long long int ubignum = BIG64;
| 
| struct incomplete_array
| {
|   int datasize;
|   double data[];
| };
| 
| struct named_init {
|   int number;
|   const wchar_t *name;
|   double average;
| };
| 
| typedef const char *ccp;
| 
| static inline int
| test_restrict (ccp restrict text)
| {
|   // Iterate through items via the restricted pointer.
|   // Also check for declarations in for loops.
|   for (unsigned int i = 0; *(text+i) != '\0'; ++i)
|     continue;
|   return 0;
| }
| 
| // Check varargs and va_copy.
| static bool
| test_varargs (const char *format, ...)
| {
|   va_list args;
|   va_start (args, format);
|   va_list args_copy;
|   va_copy (args_copy, args);
| 
|   const char *str = "";
|   int number = 0;
|   float fnumber = 0;
| 
|   while (*format)
|     {
|       switch (*format++)
| 	{
| 	case 's': // string
| 	  str = va_arg (args_copy, const char *);
| 	  break;
| 	case 'd': // int
| 	  number = va_arg (args_copy, int);
| 	  break;
| 	case 'f': // float
| 	  fnumber = va_arg (args_copy, double);
| 	  break;
| 	default:
| 	  break;
| 	}
|     }
|   va_end (args_copy);
|   va_end (args);
| 
|   return *str && number && fnumber;
| }
| 
| 
| /* Does the compiler advertise C11 conformance? */
| #if !defined __STDC_VERSION__ || __STDC_VERSION__ < 201112L
| # error "Compiler does not advertise C11 conformance"
| #endif
| 
| // Check _Alignas.
| char _Alignas (double) aligned_as_double;
| char _Alignas (0) no_special_alignment;
| extern char aligned_as_int;
| char _Alignas (0) _Alignas (int) aligned_as_int;
| 
| // Check _Alignof.
| enum
| {
|   int_alignment = _Alignof (int),
|   int_array_alignment = _Alignof (int[100]),
|   char_alignment = _Alignof (char)
| };
| _Static_assert (0 < -_Alignof (int), "_Alignof is signed");
| 
| // Check _Noreturn.
| int _Noreturn does_not_return (void) { for (;;) continue; }
| 
| // Check _Static_assert.
| struct test_static_assert
| {
|   int x;
|   _Static_assert (sizeof (int) <= sizeof (long int),
|                   "_Static_assert does not work in struct");
|   long int y;
| };
| 
| // Check UTF-8 literals.
| #define u8 syntax error!
| char const utf8_literal[] = u8"happens to be ASCII" "another string";
| 
| // Check duplicate typedefs.
| typedef long *long_ptr;
| typedef long int *long_ptr;
| typedef long_ptr long_ptr;
| 
| // Anonymous structures and unions -- taken from C11 6.7.2.1 Example 1.
| struct anonymous
| {
|   union {
|     struct { int i; int j; };
|     struct { int k; long int l; } w;
|   };
|   int m;
| } v1;
| 
| 
| int
| main (int argc, char **argv)
| {
|   int ok = 0;
|   
| ok |= (argc == 0 || f (e, argv, 0) != argv[0] || f (e, argv, 1) != argv[1]);
| 
|   
|   // Check bool.
|   _Bool success = false;
|   success |= (argc != 0);
| 
|   // Check restrict.
|   if (test_restrict ("String literal") == 0)
|     success = true;
|   char *restrict newvar = "Another string";
| 
|   // Check varargs.
|   success &= test_varargs ("s, d' f .", "string", 65, 34.234);
|   test_varargs_macros ();
| 
|   // Check flexible array members.
|   struct incomplete_array *ia =
|     malloc (sizeof (struct incomplete_array) + (sizeof (double) * 10));
|   ia->datasize = 10;
|   for (int i = 0; i < ia->datasize; ++i)
|     ia->data[i] = i * 1.234;
|   // Work around memory leak warnings.
|   free (ia);
| 
|   // Check named initializers.
|   struct named_init ni = {
|     .number = 34,
|     .name = L"Test wide string",
|     .average = 543.34343,
|   };
| 
|   ni.number = 58;
| 
|   int dynamic_array[ni.number];
|   dynamic_array[0] = argv[0][0];
|   dynamic_array[ni.number - 1] = 543;
| 
|   // work around unused variable warnings
|   ok |= (!success || bignum == 0LL || ubignum == 0uLL || newvar[0] == 'x'
| 	 || dynamic_array[ni.number - 1] != 543);
| 
|   
|   _Static_assert ((offsetof (struct anonymous, i)
| 		   == offsetof (struct anonymous, w.k)),
| 		  "Anonymous union alignment botch");
|   v1.i = 2;
|   v1.w.k = 5;
|   ok |= v1.i != 5;
| 
|   return ok;
| }
| 
configure:3469: gcc -std=gnu11 -c -g -O2 -I/cluster/home/Kangwen/opt/bzip2/include conftest.c >&5
configure:3469: $? = 0
configure:3491: result: -std=gnu11
configure:3607: checking for grep that handles long lines and -e
configure:3673: result: /usr/bin/grep
configure:3703: checking for C compiler warning flags
configure:3860: result: unknown
configure:3951: checking for gcc -std=gnu11 option to enable large file support
configure:3986: gcc -std=gnu11 -c -g -O2 -I/cluster/home/Kangwen/opt/bzip2/include conftest.c >&5
configure:3986: $? = 0
configure:3992: gcc -std=gnu11 -DFTYPE=ino_t -c -g -O2 -I/cluster/home/Kangwen/opt/bzip2/include conftest.c >&5
configure:3992: $? = 0
configure:4017: result: none needed
configure:4144: checking location of HTSlib source tree
configure:4165: result: htslib-1.19.1
configure:5430: checking for zlib.h
configure:5430: gcc -std=gnu11 -c -g -O2 -I/cluster/home/Kangwen/opt/bzip2/include conftest.c >&5
configure:5430: $? = 0
configure:5430: result: yes
configure:5440: checking for inflate in -lz
configure:5469: gcc -std=gnu11 -o conftest -g -O2 -I/cluster/home/Kangwen/opt/bzip2/include -L/cluster/home/Kangwen/opt/bzip2/lib -Wl,-R/cluster/home/Kangwen/opt/bzip2/lib conftest.c -lz   >&5
configure:5469: $? = 0
configure:5481: result: yes
configure:5507: checking for library containing regcomp
configure:5543: gcc -std=gnu11 -o conftest -g -O2 -I/cluster/home/Kangwen/opt/bzip2/include -L/cluster/home/Kangwen/opt/bzip2/lib -Wl,-R/cluster/home/Kangwen/opt/bzip2/lib conftest.c  >&5
configure:5543: $? = 0
configure:5565: result: none required
configure:5715: creating ./config.status

## ---------------------- ##
## Running config.status. ##
## ---------------------- ##

This file was extended by Samtools config.status 1.19.2, which was
generated by GNU Autoconf 2.72.  Invocation command line was

  CONFIG_FILES    = 
  CONFIG_HEADERS  = 
  CONFIG_LINKS    = 
  CONFIG_COMMANDS = 
  $ ./config.status 

on node2

config.status:793: creating config.mk
config.status:793: creating config.h
config.status:963: config.h is unchanged
configure:6939: === configuring in htslib-1.19.1 (/cluster/home/Kangwen/Hic/AAA_tutorial/sc3dg/sc3dg/samtools/htslib-1.19.1)
configure:7000: running /bin/sh ./configure --disable-option-checking '--prefix=/cluster/home/Kangwen/anaconda3/envs/stark/lib/python3.9/site-packages/sc3dg/samtools'  'CPPFLAGS=-I/cluster/home/Kangwen/opt/bzip2/include' 'LDFLAGS=-L/cluster/home/Kangwen/opt/bzip2/lib -Wl,-R/cluster/home/Kangwen/opt/bzip2/lib' '--without-curses' '--disable-bz2' '--disable-lzma' --cache-file=/dev/null --srcdir=.

## ---------------- ##
## Cache variables. ##
## ---------------- ##

ac_cv_c_compiler_gnu=yes
ac_cv_env_CC_set=
ac_cv_env_CC_value=
ac_cv_env_CFLAGS_set=
ac_cv_env_CFLAGS_value=
ac_cv_env_CPPFLAGS_set=set
ac_cv_env_CPPFLAGS_value=-I/cluster/home/Kangwen/opt/bzip2/include
ac_cv_env_CURSES_LIB_set=
ac_cv_env_CURSES_LIB_value=
ac_cv_env_LDFLAGS_set=set
ac_cv_env_LDFLAGS_value='-L/cluster/home/Kangwen/opt/bzip2/lib -Wl,-R/cluster/home/Kangwen/opt/bzip2/lib'
ac_cv_env_LIBS_set=
ac_cv_env_LIBS_value=
ac_cv_env_build_alias_set=
ac_cv_env_build_alias_value=
ac_cv_env_host_alias_set=
ac_cv_env_host_alias_value=
ac_cv_env_target_alias_set=
ac_cv_env_target_alias_value=
ac_cv_header_zlib_h=yes
ac_cv_lib_z_inflate=yes
ac_cv_objext=o
ac_cv_path_GREP=/usr/bin/grep
ac_cv_prog_AWK=gawk
ac_cv_prog_ac_ct_CC=gcc
ac_cv_prog_cc_c11=-std=gnu11
ac_cv_prog_cc_g=yes
ac_cv_prog_cc_stdc=-std=gnu11
ac_cv_search_regcomp='none required'
ac_cv_sys_largefile_opts='none needed'
ax_cv_htslib=yes
ax_cv_htslib_which=source
hts_cv_prog_cc_warnings=

## ----------------- ##
## Output variables. ##
## ----------------- ##

AWK='gawk'
CC='gcc -std=gnu11'
CFLAGS='-g -O2'
CPPFLAGS='-I/cluster/home/Kangwen/opt/bzip2/include'
CURSES_LIB=''
DEFS='-DHAVE_CONFIG_H'
ECHO_C=''
ECHO_N='-n'
ECHO_T=''
EXEEXT=''
GREP='/usr/bin/grep'
HTSDIR='htslib-1.19.1'
HTSLIB_CPPFLAGS='-Ihtslib-1.19.1'
HTSLIB_LDFLAGS='-Lhtslib-1.19.1'
Hinstall='#'
Hsource=''
LDFLAGS='-L/cluster/home/Kangwen/opt/bzip2/lib -Wl,-R/cluster/home/Kangwen/opt/bzip2/lib'
LIBOBJS=''
LIBS=''
LTLIBOBJS=''
OBJEXT='o'
PACKAGE_BUGREPORT='samtools-help@lists.sourceforge.net'
PACKAGE_NAME='Samtools'
PACKAGE_STRING='Samtools 1.19.2'
PACKAGE_TARNAME='samtools'
PACKAGE_URL='http://www.htslib.org/'
PACKAGE_VERSION='1.19.2'
PATH_SEPARATOR=':'
SHELL='/bin/sh'
ac_ct_CC='gcc'
bindir='${exec_prefix}/bin'
build_alias=''
datadir='${datarootdir}'
datarootdir='${prefix}/share'
docdir='${datarootdir}/doc/${PACKAGE_TARNAME}'
dvidir='${docdir}'
exec_prefix='${prefix}'
host_alias='unknown-Linux'
htmldir='${docdir}'
includedir='${prefix}/include'
infodir='${datarootdir}/info'
libdir='${exec_prefix}/lib'
libexecdir='${exec_prefix}/libexec'
localedir='${datarootdir}/locale'
localstatedir='${prefix}/var'
mandir='${datarootdir}/man'
oldincludedir='/usr/include'
pdfdir='${docdir}'
prefix='/cluster/home/Kangwen/anaconda3/envs/stark/lib/python3.9/site-packages/sc3dg/samtools'
program_transform_name='s,x,x,'
psdir='${docdir}'
runstatedir='${localstatedir}/run'
sbindir='${exec_prefix}/sbin'
sharedstatedir='${prefix}/com'
subdirs=' htslib-1.19.1'
sysconfdir='${prefix}/etc'
target_alias=''

## ----------- ##
## confdefs.h. ##
## ----------- ##

/* confdefs.h */
#define PACKAGE_NAME "Samtools"
#define PACKAGE_TARNAME "samtools"
#define PACKAGE_VERSION "1.19.2"
#define PACKAGE_STRING "Samtools 1.19.2"
#define PACKAGE_BUGREPORT "samtools-help@lists.sourceforge.net"
#define PACKAGE_URL "http://www.htslib.org/"
#define HAVE_LIBZ 1

configure: exit 0
