This file contains any messages produced by compilers while
running configure, to aid debugging if configure makes a mistake.

It was created by HTSlib configure 1.19.1, which was
generated by GNU Autoconf 2.72.  Invocation command line was

  $ ./configure --disable-option-checking --prefix=/cluster/home/Kangwen/anaconda3/envs/stark/lib/python3.9/site-packages/sc3dg/samtools CPPFLAGS=-I/cluster/home/Kangwen/opt/bzip2/include 'LDFLAGS=-L/cluster/home/Kangwen/opt/bzip2/lib -Wl,-R/cluster/home/Kangwen/opt/bzip2/lib' --without-curses --disable-bz2 --disable-lzma --cache-file=/dev/null --srcdir=.

## --------- ##
## Platform. ##
## --------- ##

hostname = node2
uname -m = x86_64
uname -r = 3.10.0-957.el7.x86_64
uname -s = Linux
uname -v = #1 SMP Thu Nov 8 23:39:32 UTC 2018

/usr/bin/uname -p = x86_64
/bin/uname -X     = unknown

/bin/arch              = x86_64
/usr/bin/arch -k       = unknown
/usr/convex/getsysinfo = unknown
/usr/bin/hostinfo      = unknown
/bin/machine           = unknown
/usr/bin/oslevel       = unknown
/bin/universe          = unknown

PATH: /cluster/home/Kangwen/.vscode-server/bin/8b3775030ed1a69b13e4f4c628c612102e30a681/bin/remote-cli/
PATH: /cluster/home/Kangwen/softwares/google-cloud-sdk/bin/
PATH: /cluster/home/Kangwen/.aspera/connect/bin/
PATH: /cluster/home/Kangwen/softwares/pigz-2.8/
PATH: /cluster/home/Kangwen/softwares/bcftools-1.2/htslib-1.2.1/bin/
PATH: /cluster/home/Kangwen/softwares/hickit-0.1.1_x64-linux/
PATH: /cluster/home/Kangwen/softwares/samtools-1.18/
PATH: /cluster/home/Kangwen/softwares/bwa-0.7.17/
PATH: /cluster/home/Kangwen/.aspera/connect/bin/
PATH: /cluster/home/Kangwen/softwares/sratoolkit.3.0.0-centos_linux64/bin/
PATH: /cluster/home/Kangwen/softwares/cellranger-7.1.0/bin/
PATH: /cluster/home/Kangwen/anaconda3/envs/stark/bin/
PATH: /opt/simplehpc/miniconda3/bin/
PATH: /opt/simplehpc/scm/bin/
PATH: /usr/lib64/qt-3.3/bin/
PATH: /usr/local/sbin/
PATH: /usr/local/bin/
PATH: /usr/sbin/
PATH: /usr/bin/
PATH: /opt/ibutils/bin/
PATH: /cluster/home/Kangwen/.local/bin/
PATH: /cluster/home/Kangwen/bin/
PATH: /cluster/home/Kangwen/softwares/google-cloud-sdk/bin/
PATH: /cluster/home/Kangwen/.aspera/connect/bin/
PATH: /cluster/home/Kangwen/softwares/pigz-2.8/
PATH: /cluster/home/Kangwen/softwares/bcftools-1.2/htslib-1.2.1/bin/
PATH: /cluster/home/Kangwen/softwares/hickit-0.1.1_x64-linux/
PATH: /cluster/home/Kangwen/softwares/samtools-1.18/
PATH: /cluster/home/Kangwen/softwares/bwa-0.7.17/
PATH: /cluster/home/Kangwen/.aspera/connect/bin/
PATH: /cluster/home/Kangwen/softwares/sratoolkit.3.0.0-centos_linux64/bin/
PATH: /cluster/home/Kangwen/softwares/cellranger-7.1.0/bin/
PATH: /cluster/home/Kangwen/anaconda3/bin/
PATH: /opt/simplehpc/miniconda3/bin/
PATH: /opt/simplehpc/scm/bin/
PATH: /usr/lib64/qt-3.3/bin/
PATH: /usr/local/sbin/
PATH: /usr/local/bin/
PATH: /usr/sbin/
PATH: /usr/bin/
PATH: /opt/ibutils/bin/


## ----------- ##
## Core tests. ##
## ----------- ##

configure:2436: looking for aux files: config.guess config.sub
configure:2449:  trying ./
configure:2478:   ./config.guess found
configure:2478:   ./config.sub found
configure:2750: checking for gcc
configure:2771: found /usr/bin/gcc
configure:2783: result: gcc
configure:3142: checking for C compiler version
configure:3151: gcc --version >&5
gcc (GCC) 4.8.5 20150623 (Red Hat 4.8.5-36)
Copyright (C) 2015 Free Software Foundation, Inc.
This is free software; see the source for copying conditions.  There is NO
warranty; not even for MERCHANTABILITY or FITNESS FOR A PARTICULAR PURPOSE.

configure:3162: $? = 0
configure:3151: gcc -v >&5
Using built-in specs.
COLLECT_GCC=gcc
COLLECT_LTO_WRAPPER=/usr/libexec/gcc/x86_64-redhat-linux/4.8.5/lto-wrapper
Target: x86_64-redhat-linux
Configured with: ../configure --prefix=/usr --mandir=/usr/share/man --infodir=/usr/share/info --with-bugurl=http://bugzilla.redhat.com/bugzilla --enable-bootstrap --enable-shared --enable-threads=posix --enable-checking=release --with-system-zlib --enable-__cxa_atexit --disable-libunwind-exceptions --enable-gnu-unique-object --enable-linker-build-id --with-linker-hash-style=gnu --enable-languages=c,c++,objc,obj-c++,java,fortran,ada,go,lto --enable-plugin --enable-initfini-array --disable-libgcj --with-isl=/builddir/build/BUILD/gcc-4.8.5-20150702/obj-x86_64-redhat-linux/isl-install --with-cloog=/builddir/build/BUILD/gcc-4.8.5-20150702/obj-x86_64-redhat-linux/cloog-install --enable-gnu-indirect-function --with-tune=generic --with-arch_32=x86-64 --build=x86_64-redhat-linux
Thread model: posix
gcc version 4.8.5 20150623 (Red Hat 4.8.5-36) (GCC) 
configure:3162: $? = 0
configure:3151: gcc -V >&5
gcc: error: unrecognized command line option '-V'
gcc: fatal error: no input files
compilation terminated.
configure:3162: $? = 4
configure:3151: gcc -qversion >&5
gcc: error: unrecognized command line option '-qversion'
gcc: fatal error: no input files
compilation terminated.
configure:3162: $? = 4
configure:3151: gcc -version >&5
gcc: error: unrecognized command line option '-version'
gcc: fatal error: no input files
compilation terminated.
configure:3162: $? = 4
configure:3182: checking whether the C compiler works
configure:3204: gcc  -I/cluster/home/Kangwen/opt/bzip2/include -L/cluster/home/Kangwen/opt/bzip2/lib -Wl,-R/cluster/home/Kangwen/opt/bzip2/lib conftest.c  >&5
configure:3208: $? = 0
configure:3259: result: yes
configure:3263: checking for C compiler default output file name
configure:3265: result: a.out
configure:3271: checking for suffix of executables
configure:3278: gcc -o conftest  -I/cluster/home/Kangwen/opt/bzip2/include -L/cluster/home/Kangwen/opt/bzip2/lib -Wl,-R/cluster/home/Kangwen/opt/bzip2/lib conftest.c  >&5
configure:3282: $? = 0
configure:3306: result: 
configure:3330: checking whether we are cross compiling
configure:3338: gcc -o conftest  -I/cluster/home/Kangwen/opt/bzip2/include -L/cluster/home/Kangwen/opt/bzip2/lib -Wl,-R/cluster/home/Kangwen/opt/bzip2/lib conftest.c  >&5
configure:3342: $? = 0
configure:3349: ./conftest
configure:3353: $? = 0
configure:3368: result: no
configure:3374: checking for suffix of object files
configure:3397: gcc -c  -I/cluster/home/Kangwen/opt/bzip2/include conftest.c >&5
configure:3401: $? = 0
configure:3425: result: o
configure:3429: checking whether the compiler supports GNU C
configure:3449: gcc -c  -I/cluster/home/Kangwen/opt/bzip2/include conftest.c >&5
configure:3449: $? = 0
configure:3461: result: yes
configure:3472: checking whether gcc accepts -g
configure:3493: gcc -c -g -I/cluster/home/Kangwen/opt/bzip2/include conftest.c >&5
configure:3493: $? = 0
configure:3540: result: yes
configure:3560: checking for gcc option to enable C11 features
configure:3575: gcc  -c -g -O2 -I/cluster/home/Kangwen/opt/bzip2/include conftest.c >&5
conftest.c:74:3: error: #error "Compiler does not advertise C99 conformance"
 # error "Compiler does not advertise C99 conformance"
   ^
conftest.c:132:29: error: expected ';', ',' or ')' before 'text'
 test_restrict (ccp restrict text)
                             ^
conftest.c:180:3: error: #error "Compiler does not advertise C11 conformance"
 # error "Compiler does not advertise C11 conformance"
   ^
conftest.c:211:12: error: 'syntax' undeclared here (not in a function)
 #define u8 syntax error!
            ^
conftest.c:212:29: note: in expansion of macro 'u8'
 char const utf8_literal[] = u8"happens to be ASCII" "another string";
                             ^
conftest.c:211:19: error: expected ',' or ';' before 'error'
 #define u8 syntax error!
                   ^
conftest.c:212:29: note: in expansion of macro 'u8'
 char const utf8_literal[] = u8"happens to be ASCII" "another string";
                             ^
conftest.c: In function 'main':
conftest.c:245:18: error: expected '=', ',', ';', 'asm' or '__attribute__' before 'newvar'
   char *restrict newvar = "Another string";
                  ^
conftest.c:245:18: error: 'newvar' undeclared (first use in this function)
conftest.c:245:18: note: each undeclared identifier is reported only once for each function it appears in
conftest.c:255:3: error: 'for' loop initial declarations are only allowed in C99 mode
   for (int i = 0; i < ia->datasize; ++i)
   ^
conftest.c:255:3: note: use option -std=c99 or -std=gnu99 to compile your code
configure:3575: $? = 1
configure: failed program was:
| /* confdefs.h */
| #define PACKAGE_NAME "HTSlib"
| #define PACKAGE_TARNAME "htslib"
| #define PACKAGE_VERSION "1.19.1"
| #define PACKAGE_STRING "HTSlib 1.19.1"
| #define PACKAGE_BUGREPORT "samtools-help@lists.sourceforge.net"
| #define PACKAGE_URL "http://www.htslib.org/"
| /* end confdefs.h.  */
| 
| /* Does the compiler advertise C89 conformance?
|    Do not test the value of __STDC__, because some compilers set it to 0
|    while being otherwise adequately conformant. */
| #if !defined __STDC__
| # error "Compiler does not advertise C89 conformance"
| #endif
| 
| #include <stddef.h>
| #include <stdarg.h>
| struct stat;
| /* Most of the following tests are stolen from RCS 5.7 src/conf.sh.  */
| struct buf { int x; };
| struct buf * (*rcsopen) (struct buf *, struct stat *, int);
| static char *e (char **p, int i)
| {
|   return p[i];
| }
| static char *f (char * (*g) (char **, int), char **p, ...)
| {
|   char *s;
|   va_list v;
|   va_start (v,p);
|   s = g (p, va_arg (v,int));
|   va_end (v);
|   return s;
| }
| 
| /* C89 style stringification. */
| #define noexpand_stringify(a) #a
| const char *stringified = noexpand_stringify(arbitrary+token=sequence);
| 
| /* C89 style token pasting.  Exercises some of the corner cases that
|    e.g. old MSVC gets wrong, but not very hard. */
| #define noexpand_concat(a,b) a##b
| #define expand_concat(a,b) noexpand_concat(a,b)
| extern int vA;
| extern int vbee;
| #define aye A
| #define bee B
| int *pvA = &expand_concat(v,aye);
| int *pvbee = &noexpand_concat(v,bee);
| 
| /* OSF 4.0 Compaq cc is some sort of almost-ANSI by default.  It has
|    function prototypes and stuff, but not \xHH hex character constants.
|    These do not provoke an error unfortunately, instead are silently treated
|    as an "x".  The following induces an error, until -std is added to get
|    proper ANSI mode.  Curiously \x00 != x always comes out true, for an
|    array size at least.  It is necessary to write \x00 == 0 to get something
|    that is true only with -std.  */
| int osf4_cc_array ['\x00' == 0 ? 1 : -1];
| 
| /* IBM C 6 for AIX is almost-ANSI by default, but it replaces macro parameters
|    inside strings and character constants.  */
| #define FOO(x) 'x'
| int xlc6_cc_array[FOO(a) == 'x' ? 1 : -1];
| 
| int test (int i, double x);
| struct s1 {int (*f) (int a);};
| struct s2 {int (*f) (double a);};
| int pairnames (int, char **, int *(*)(struct buf *, struct stat *, int),
|                int, int);
| 
| /* Does the compiler advertise C99 conformance? */
| #if !defined __STDC_VERSION__ || __STDC_VERSION__ < 199901L
| # error "Compiler does not advertise C99 conformance"
| #endif
| 
| // See if C++-style comments work.
| 
| #include <stdbool.h>
| extern int puts (const char *);
| extern int printf (const char *, ...);
| extern int dprintf (int, const char *, ...);
| extern void *malloc (size_t);
| extern void free (void *);
| 
| // Check varargs macros.  These examples are taken from C99 6.10.3.5.
| // dprintf is used instead of fprintf to avoid needing to declare
| // FILE and stderr.
| #define debug(...) dprintf (2, __VA_ARGS__)
| #define showlist(...) puts (#__VA_ARGS__)
| #define report(test,...) ((test) ? puts (#test) : printf (__VA_ARGS__))
| static void
| test_varargs_macros (void)
| {
|   int x = 1234;
|   int y = 5678;
|   debug ("Flag");
|   debug ("X = %d\n", x);
|   showlist (The first, second, and third items.);
|   report (x>y, "x is %d but y is %d", x, y);
| }
| 
| // Check long long types.
| #define BIG64 18446744073709551615ull
| #define BIG32 4294967295ul
| #define BIG_OK (BIG64 / BIG32 == 4294967297ull && BIG64 % BIG32 == 0)
| #if !BIG_OK
|   #error "your preprocessor is broken"
| #endif
| #if BIG_OK
| #else
|   #error "your preprocessor is broken"
| #endif
| static long long int bignum = -9223372036854775807LL;
| static unsigned long long int ubignum = BIG64;
| 
| struct incomplete_array
| {
|   int datasize;
|   double data[];
| };
| 
| struct named_init {
|   int number;
|   const wchar_t *name;
|   double average;
| };
| 
| typedef const char *ccp;
| 
| static inline int
| test_restrict (ccp restrict text)
| {
|   // Iterate through items via the restricted pointer.
|   // Also check for declarations in for loops.
|   for (unsigned int i = 0; *(text+i) != '\0'; ++i)
|     continue;
|   return 0;
| }
| 
| // Check varargs and va_copy.
| static bool
| test_varargs (const char *format, ...)
| {
|   va_list args;
|   va_start (args, format);
|   va_list args_copy;
|   va_copy (args_copy, args);
| 
|   const char *str = "";
|   int number = 0;
|   float fnumber = 0;
| 
|   while (*format)
|     {
|       switch (*format++)
| 	{
| 	case 's': // string
| 	  str = va_arg (args_copy, const char *);
| 	  break;
| 	case 'd': // int
| 	  number = va_arg (args_copy, int);
| 	  break;
| 	case 'f': // float
| 	  fnumber = va_arg (args_copy, double);
| 	  break;
| 	default:
| 	  break;
| 	}
|     }
|   va_end (args_copy);
|   va_end (args);
| 
|   return *str && number && fnumber;
| }
| 
| 
| /* Does the compiler advertise C11 conformance? */
| #if !defined __STDC_VERSION__ || __STDC_VERSION__ < 201112L
| # error "Compiler does not advertise C11 conformance"
| #endif
| 
| // Check _Alignas.
| char _Alignas (double) aligned_as_double;
| char _Alignas (0) no_special_alignment;
| extern char aligned_as_int;
| char _Alignas (0) _Alignas (int) aligned_as_int;
| 
| // Check _Alignof.
| enum
| {
|   int_alignment = _Alignof (int),
|   int_array_alignment = _Alignof (int[100]),
|   char_alignment = _Alignof (char)
| };
| _Static_assert (0 < -_Alignof (int), "_Alignof is signed");
| 
| // Check _Noreturn.
| int _Noreturn does_not_return (void) { for (;;) continue; }
| 
| // Check _Static_assert.
| struct test_static_assert
| {
|   int x;
|   _Static_assert (sizeof (int) <= sizeof (long int),
|                   "_Static_assert does not work in struct");
|   long int y;
| };
| 
| // Check UTF-8 literals.
| #define u8 syntax error!
| char const utf8_literal[] = u8"happens to be ASCII" "another string";
| 
| // Check duplicate typedefs.
| typedef long *long_ptr;
| typedef long int *long_ptr;
| typedef long_ptr long_ptr;
| 
| // Anonymous structures and unions -- taken from C11 6.7.2.1 Example 1.
| struct anonymous
| {
|   union {
|     struct { int i; int j; };
|     struct { int k; long int l; } w;
|   };
|   int m;
| } v1;
| 
| 
| int
| main (int argc, char **argv)
| {
|   int ok = 0;
|   
| ok |= (argc == 0 || f (e, argv, 0) != argv[0] || f (e, argv, 1) != argv[1]);
| 
|   
|   // Check bool.
|   _Bool success = false;
|   success |= (argc != 0);
| 
|   // Check restrict.
|   if (test_restrict ("String literal") == 0)
|     success = true;
|   char *restrict newvar = "Another string";
| 
|   // Check varargs.
|   success &= test_varargs ("s, d' f .", "string", 65, 34.234);
|   test_varargs_macros ();
| 
|   // Check flexible array members.
|   struct incomplete_array *ia =
|     malloc (sizeof (struct incomplete_array) + (sizeof (double) * 10));
|   ia->datasize = 10;
|   for (int i = 0; i < ia->datasize; ++i)
|     ia->data[i] = i * 1.234;
|   // Work around memory leak warnings.
|   free (ia);
| 
|   // Check named initializers.
|   struct named_init ni = {
|     .number = 34,
|     .name = L"Test wide string",
|     .average = 543.34343,
|   };
| 
|   ni.number = 58;
| 
|   int dynamic_array[ni.number];
|   dynamic_array[0] = argv[0][0];
|   dynamic_array[ni.number - 1] = 543;
| 
|   // work around unused variable warnings
|   ok |= (!success || bignum == 0LL || ubignum == 0uLL || newvar[0] == 'x'
| 	 || dynamic_array[ni.number - 1] != 543);
| 
|   
|   _Static_assert ((offsetof (struct anonymous, i)
| 		   == offsetof (struct anonymous, w.k)),
| 		  "Anonymous union alignment botch");
|   v1.i = 2;
|   v1.w.k = 5;
|   ok |= v1.i != 5;
| 
|   return ok;
| }
| 
configure:3575: gcc -std=gnu11 -c -g -O2 -I/cluster/home/Kangwen/opt/bzip2/include conftest.c >&5
configure:3575: $? = 0
configure:3597: result: -std=gnu11
configure:3761: checking for ranlib
configure:3782: found /usr/bin/ranlib
configure:3794: result: ranlib
configure:3817: checking for grep that handles long lines and -e
configure:3883: result: /usr/bin/grep
configure:3913: checking for C compiler warning flags
configure:4071: result: unknown
configure:4164: checking for gcc -std=gnu11 options needed to detect all undeclared functions
configure:4186: gcc -std=gnu11 -c -g -O2  -I/cluster/home/Kangwen/opt/bzip2/include conftest.c >&5
conftest.c: In function 'main':
conftest.c:13:8: error: 'strchr' undeclared (first use in this function)
 (void) strchr;
        ^
conftest.c:13:8: note: each undeclared identifier is reported only once for each function it appears in
configure:4186: $? = 1
configure: failed program was:
| /* confdefs.h */
| #define PACKAGE_NAME "HTSlib"
| #define PACKAGE_TARNAME "htslib"
| #define PACKAGE_VERSION "1.19.1"
| #define PACKAGE_STRING "HTSlib 1.19.1"
| #define PACKAGE_BUGREPORT "samtools-help@lists.sourceforge.net"
| #define PACKAGE_URL "http://www.htslib.org/"
| /* end confdefs.h.  */
| 
| int
| main (void)
| {
| (void) strchr;
|   ;
|   return 0;
| }
configure:4213: gcc -std=gnu11 -c -g -O2  -I/cluster/home/Kangwen/opt/bzip2/include conftest.c >&5
configure:4213: $? = 0
configure:4233: result: none needed
configure:4251: checking for stdio.h
configure:4251: gcc -std=gnu11 -c -g -O2 -I/cluster/home/Kangwen/opt/bzip2/include conftest.c >&5
configure:4251: $? = 0
configure:4251: result: yes
configure:4251: checking for stdlib.h
configure:4251: gcc -std=gnu11 -c -g -O2 -I/cluster/home/Kangwen/opt/bzip2/include conftest.c >&5
configure:4251: $? = 0
configure:4251: result: yes
configure:4251: checking for string.h
configure:4251: gcc -std=gnu11 -c -g -O2 -I/cluster/home/Kangwen/opt/bzip2/include conftest.c >&5
configure:4251: $? = 0
configure:4251: result: yes
configure:4251: checking for inttypes.h
configure:4251: gcc -std=gnu11 -c -g -O2 -I/cluster/home/Kangwen/opt/bzip2/include conftest.c >&5
configure:4251: $? = 0
configure:4251: result: yes
configure:4251: checking for stdint.h
configure:4251: gcc -std=gnu11 -c -g -O2 -I/cluster/home/Kangwen/opt/bzip2/include conftest.c >&5
configure:4251: $? = 0
configure:4251: result: yes
configure:4251: checking for strings.h
configure:4251: gcc -std=gnu11 -c -g -O2 -I/cluster/home/Kangwen/opt/bzip2/include conftest.c >&5
configure:4251: $? = 0
configure:4251: result: yes
configure:4251: checking for sys/stat.h
configure:4251: gcc -std=gnu11 -c -g -O2 -I/cluster/home/Kangwen/opt/bzip2/include conftest.c >&5
configure:4251: $? = 0
configure:4251: result: yes
configure:4251: checking for sys/types.h
configure:4251: gcc -std=gnu11 -c -g -O2 -I/cluster/home/Kangwen/opt/bzip2/include conftest.c >&5
configure:4251: $? = 0
configure:4251: result: yes
configure:4251: checking for unistd.h
configure:4251: gcc -std=gnu11 -c -g -O2 -I/cluster/home/Kangwen/opt/bzip2/include conftest.c >&5
configure:4251: $? = 0
configure:4251: result: yes
configure:4251: checking for sys/param.h
configure:4251: gcc -std=gnu11 -c -g -O2 -I/cluster/home/Kangwen/opt/bzip2/include conftest.c >&5
configure:4251: $? = 0
configure:4251: result: yes
configure:4276: checking whether _XOPEN_SOURCE is declared
configure:4276: gcc -std=gnu11 -c -g -O2  -I/cluster/home/Kangwen/opt/bzip2/include conftest.c >&5
conftest.c: In function 'main':
conftest.c:55:10: error: '_XOPEN_SOURCE' undeclared (first use in this function)
   (void) _XOPEN_SOURCE;
          ^
conftest.c:55:10: note: each undeclared identifier is reported only once for each function it appears in
configure:4276: $? = 1
configure: failed program was:
| /* confdefs.h */
| #define PACKAGE_NAME "HTSlib"
| #define PACKAGE_TARNAME "htslib"
| #define PACKAGE_VERSION "1.19.1"
| #define PACKAGE_STRING "HTSlib 1.19.1"
| #define PACKAGE_BUGREPORT "samtools-help@lists.sourceforge.net"
| #define PACKAGE_URL "http://www.htslib.org/"
| #define HAVE_STDIO_H 1
| #define HAVE_STDLIB_H 1
| #define HAVE_STRING_H 1
| #define HAVE_INTTYPES_H 1
| #define HAVE_STDINT_H 1
| #define HAVE_STRINGS_H 1
| #define HAVE_SYS_STAT_H 1
| #define HAVE_SYS_TYPES_H 1
| #define HAVE_UNISTD_H 1
| #define HAVE_SYS_PARAM_H 1
| #define STDC_HEADERS 1
| /* end confdefs.h.  */
| #include <stddef.h>
| #ifdef HAVE_STDIO_H
| # include <stdio.h>
| #endif
| #ifdef HAVE_STDLIB_H
| # include <stdlib.h>
| #endif
| #ifdef HAVE_STRING_H
| # include <string.h>
| #endif
| #ifdef HAVE_INTTYPES_H
| # include <inttypes.h>
| #endif
| #ifdef HAVE_STDINT_H
| # include <stdint.h>
| #endif
| #ifdef HAVE_STRINGS_H
| # include <strings.h>
| #endif
| #ifdef HAVE_SYS_TYPES_H
| # include <sys/types.h>
| #endif
| #ifdef HAVE_SYS_STAT_H
| # include <sys/stat.h>
| #endif
| #ifdef HAVE_UNISTD_H
| # include <unistd.h>
| #endif
| int
| main (void)
| {
| #ifndef _XOPEN_SOURCE
| #ifdef __cplusplus
|   (void) _XOPEN_SOURCE;
| #else
|   (void) _XOPEN_SOURCE;
| #endif
| #endif
| 
|   ;
|   return 0;
| }
configure:4276: result: no
configure:4287: checking C compiler flags needed for sse4.1
configure:4315: gcc -std=gnu11 -o conftest -g -O2 -I/cluster/home/Kangwen/opt/bzip2/include -L/cluster/home/Kangwen/opt/bzip2/lib -Wl,-R/cluster/home/Kangwen/opt/bzip2/lib conftest.c  >&5
conftest.c: In function 'main':
conftest.c:32:5: warning: implicit declaration of function '_mm_shuffle_epi8' [-Wimplicit-function-declaration]
     __m128i c = _mm_shuffle_epi8(_mm_max_epu32(a, b), b);
     ^
conftest.c:32:5: warning: implicit declaration of function '_mm_max_epu32' [-Wimplicit-function-declaration]
conftest.c:32:17: error: incompatible types when initializing type '__m128i' using type 'int'
     __m128i c = _mm_shuffle_epi8(_mm_max_epu32(a, b), b);
                 ^
conftest.c:33:5: warning: implicit declaration of function '_mm_popcnt_u32' [-Wimplicit-function-declaration]
     return _mm_popcnt_u32(*((char *) &c));
     ^
configure:4315: $? = 1
configure: failed program was:
| /* confdefs.h */
| #define PACKAGE_NAME "HTSlib"
| #define PACKAGE_TARNAME "htslib"
| #define PACKAGE_VERSION "1.19.1"
| #define PACKAGE_STRING "HTSlib 1.19.1"
| #define PACKAGE_BUGREPORT "samtools-help@lists.sourceforge.net"
| #define PACKAGE_URL "http://www.htslib.org/"
| #define HAVE_STDIO_H 1
| #define HAVE_STDLIB_H 1
| #define HAVE_STRING_H 1
| #define HAVE_INTTYPES_H 1
| #define HAVE_STDINT_H 1
| #define HAVE_STRINGS_H 1
| #define HAVE_SYS_STAT_H 1
| #define HAVE_SYS_TYPES_H 1
| #define HAVE_UNISTD_H 1
| #define HAVE_SYS_PARAM_H 1
| #define STDC_HEADERS 1
| #define _XOPEN_SOURCE 600
| /* end confdefs.h.  */
| 
|     #ifdef __x86_64__
|     #include "x86intrin.h"
|     #endif
| 
| int
| main (void)
| {
| 
|     #ifdef __x86_64__
|     __m128i a = _mm_set_epi32(1, 2, 3, 4), b = _mm_set_epi32(4, 3, 2, 1);
|     __m128i c = _mm_shuffle_epi8(_mm_max_epu32(a, b), b);
|     return _mm_popcnt_u32(*((char *) &c));
|     #endif
| 
|   ;
|   return 0;
| }
configure:4342: gcc -std=gnu11 -o conftest -g -O2  -msse4.1 -mssse3 -mpopcnt -I/cluster/home/Kangwen/opt/bzip2/include -L/cluster/home/Kangwen/opt/bzip2/lib -Wl,-R/cluster/home/Kangwen/opt/bzip2/lib conftest.c  >&5
configure:4342: $? = 0
configure:4358: result: -msse4.1 -mssse3 -mpopcnt
configure:4395: checking C compiler flags needed for avx2
configure:4424: gcc -std=gnu11 -o conftest -g -O2 -I/cluster/home/Kangwen/opt/bzip2/include -L/cluster/home/Kangwen/opt/bzip2/lib -Wl,-R/cluster/home/Kangwen/opt/bzip2/lib conftest.c  >&5
conftest.c: In function 'main':
conftest.c:35:5: error: unknown type name '__m256i'
     __m256i a = _mm256_set_epi32(1, 2, 3, 4, 5, 6, 7, 8);
     ^
conftest.c:35:5: warning: implicit declaration of function '_mm256_set_epi32' [-Wimplicit-function-declaration]
conftest.c:36:5: error: unknown type name '__m256i'
     __m256i b = _mm256_add_epi32(a, a);
     ^
conftest.c:36:5: warning: implicit declaration of function '_mm256_add_epi32' [-Wimplicit-function-declaration]
conftest.c:37:5: warning: implicit declaration of function '_mm256_extract_epi64' [-Wimplicit-function-declaration]
     long long c = _mm256_extract_epi64(b, 0);
     ^
conftest.c:38:5: warning: implicit declaration of function '_mm_popcnt_u32' [-Wimplicit-function-declaration]
     return _mm_popcnt_u32((int) c);
     ^
configure:4424: $? = 1
configure: failed program was:
| /* confdefs.h */
| #define PACKAGE_NAME "HTSlib"
| #define PACKAGE_TARNAME "htslib"
| #define PACKAGE_VERSION "1.19.1"
| #define PACKAGE_STRING "HTSlib 1.19.1"
| #define PACKAGE_BUGREPORT "samtools-help@lists.sourceforge.net"
| #define PACKAGE_URL "http://www.htslib.org/"
| #define HAVE_STDIO_H 1
| #define HAVE_STDLIB_H 1
| #define HAVE_STRING_H 1
| #define HAVE_INTTYPES_H 1
| #define HAVE_STDINT_H 1
| #define HAVE_STRINGS_H 1
| #define HAVE_SYS_STAT_H 1
| #define HAVE_SYS_TYPES_H 1
| #define HAVE_UNISTD_H 1
| #define HAVE_SYS_PARAM_H 1
| #define STDC_HEADERS 1
| #define _XOPEN_SOURCE 600
| #define HAVE_SSSE3 1
| #define HAVE_POPCNT 1
| #define HAVE_SSE4_1 1
| #define UBSAN 1
| /* end confdefs.h.  */
| 
|     #ifdef __x86_64__
|     #include "x86intrin.h"
|     #endif
| 
| int
| main (void)
| {
| 
|     #ifdef __x86_64__
|     __m256i a = _mm256_set_epi32(1, 2, 3, 4, 5, 6, 7, 8);
|     __m256i b = _mm256_add_epi32(a, a);
|     long long c = _mm256_extract_epi64(b, 0);
|     return _mm_popcnt_u32((int) c);
|     #endif
| 
|   ;
|   return 0;
| }
configure:4452: gcc -std=gnu11 -o conftest -g -O2  -mavx2 -mpopcnt -I/cluster/home/Kangwen/opt/bzip2/include -L/cluster/home/Kangwen/opt/bzip2/lib -Wl,-R/cluster/home/Kangwen/opt/bzip2/lib conftest.c  >&5
configure:4452: $? = 0
configure:4468: result: -mavx2 -mpopcnt
configure:4499: checking C compiler flags needed for avx512f
configure:4527: gcc -std=gnu11 -o conftest -g -O2 -I/cluster/home/Kangwen/opt/bzip2/include -L/cluster/home/Kangwen/opt/bzip2/lib -Wl,-R/cluster/home/Kangwen/opt/bzip2/lib conftest.c  >&5
conftest.c: In function 'main':
conftest.c:37:5: error: unknown type name '__m512i'
     __m512i a = _mm512_set1_epi32(1);
     ^
conftest.c:37:5: warning: implicit declaration of function '_mm512_set1_epi32' [-Wimplicit-function-declaration]
conftest.c:38:5: error: unknown type name '__m512i'
     __m512i b = _mm512_add_epi32(a, a);
     ^
conftest.c:38:5: warning: implicit declaration of function '_mm512_add_epi32' [-Wimplicit-function-declaration]
conftest.c:39:5: warning: implicit declaration of function '_mm_popcnt_u32' [-Wimplicit-function-declaration]
     return _mm_popcnt_u32(*((char *) &b));
     ^
configure:4527: $? = 1
configure: failed program was:
| /* confdefs.h */
| #define PACKAGE_NAME "HTSlib"
| #define PACKAGE_TARNAME "htslib"
| #define PACKAGE_VERSION "1.19.1"
| #define PACKAGE_STRING "HTSlib 1.19.1"
| #define PACKAGE_BUGREPORT "samtools-help@lists.sourceforge.net"
| #define PACKAGE_URL "http://www.htslib.org/"
| #define HAVE_STDIO_H 1
| #define HAVE_STDLIB_H 1
| #define HAVE_STRING_H 1
| #define HAVE_INTTYPES_H 1
| #define HAVE_STDINT_H 1
| #define HAVE_STRINGS_H 1
| #define HAVE_SYS_STAT_H 1
| #define HAVE_SYS_TYPES_H 1
| #define HAVE_UNISTD_H 1
| #define HAVE_SYS_PARAM_H 1
| #define STDC_HEADERS 1
| #define _XOPEN_SOURCE 600
| #define HAVE_SSSE3 1
| #define HAVE_POPCNT 1
| #define HAVE_SSE4_1 1
| #define UBSAN 1
| #define HAVE_POPCNT 1
| #define HAVE_AVX2 1
| /* end confdefs.h.  */
| 
|     #ifdef __x86_64__
|     #include "x86intrin.h"
|     #endif
| 
| int
| main (void)
| {
| 
|     #ifdef __x86_64__
|     __m512i a = _mm512_set1_epi32(1);
|     __m512i b = _mm512_add_epi32(a, a);
|     return _mm_popcnt_u32(*((char *) &b));
|     #endif
| 
|   ;
|   return 0;
| }
configure:4554: gcc -std=gnu11 -o conftest -g -O2  -mavx512f -mpopcnt -I/cluster/home/Kangwen/opt/bzip2/include -L/cluster/home/Kangwen/opt/bzip2/lib -Wl,-R/cluster/home/Kangwen/opt/bzip2/lib conftest.c  >&5
gcc: error: unrecognized command line option '-mavx512f'
configure:4554: $? = 1
configure: failed program was:
| /* confdefs.h */
| #define PACKAGE_NAME "HTSlib"
| #define PACKAGE_TARNAME "htslib"
| #define PACKAGE_VERSION "1.19.1"
| #define PACKAGE_STRING "HTSlib 1.19.1"
| #define PACKAGE_BUGREPORT "samtools-help@lists.sourceforge.net"
| #define PACKAGE_URL "http://www.htslib.org/"
| #define HAVE_STDIO_H 1
| #define HAVE_STDLIB_H 1
| #define HAVE_STRING_H 1
| #define HAVE_INTTYPES_H 1
| #define HAVE_STDINT_H 1
| #define HAVE_STRINGS_H 1
| #define HAVE_SYS_STAT_H 1
| #define HAVE_SYS_TYPES_H 1
| #define HAVE_UNISTD_H 1
| #define HAVE_SYS_PARAM_H 1
| #define STDC_HEADERS 1
| #define _XOPEN_SOURCE 600
| #define HAVE_SSSE3 1
| #define HAVE_POPCNT 1
| #define HAVE_SSE4_1 1
| #define UBSAN 1
| #define HAVE_POPCNT 1
| #define HAVE_AVX2 1
| /* end confdefs.h.  */
| 
|     #ifdef __x86_64__
|     #include "x86intrin.h"
|     #endif
| 
| int
| main (void)
| {
| 
|     #ifdef __x86_64__
|     __m512i a = _mm512_set1_epi32(1);
|     __m512i b = _mm512_add_epi32(a, a);
|     return _mm_popcnt_u32(*((char *) &b));
|     #endif
| 
|   ;
|   return 0;
| }
configure:4570: result: unsupported
configure:4661: checking for pkg-config
configure:4684: found /usr/bin/pkg-config
configure:4697: result: /usr/bin/pkg-config
configure:4722: checking pkg-config is at least version 0.9.0
configure:4725: result: yes
configure:4777: checking for gcc -std=gnu11 option to enable large file support
configure:4812: gcc -std=gnu11 -c -g -O2 -I/cluster/home/Kangwen/opt/bzip2/include conftest.c >&5
configure:4812: $? = 0
configure:4818: gcc -std=gnu11 -DFTYPE=ino_t -c -g -O2 -I/cluster/home/Kangwen/opt/bzip2/include conftest.c >&5
configure:4818: $? = 0
configure:4843: result: none needed
configure:5052: checking shared library type for unknown-Linux
configure:5082: result: plain .so
configure:5088: checking whether the linker supports versioned symbols
configure:5108: gcc -std=gnu11 -o conftest -g -O2 -I/cluster/home/Kangwen/opt/bzip2/include -Wl,-version-script,./htslib.map -L/cluster/home/Kangwen/opt/bzip2/lib -Wl,-R/cluster/home/Kangwen/opt/bzip2/lib conftest.c  >&5
configure:5108: $? = 0
configure:5121: result: yes
configure:5140: checking whether the compiler accepts -fvisibility=hidden
configure:5161: gcc -std=gnu11 -o conftest -g -O2 -fvisibility=hidden -I/cluster/home/Kangwen/opt/bzip2/include -L/cluster/home/Kangwen/opt/bzip2/lib -Wl,-R/cluster/home/Kangwen/opt/bzip2/lib -fvisibility=hidden conftest.c  >&5
configure:5161: $? = 0
configure:5178: result: yes
configure:5241: checking build system type
configure:5257: result: x86_64-pc-linux-gnu
configure:5277: checking host system type
configure:5292: result: x86_64-pc-linux-gnu
configure:5317: checking for getpagesize
configure:5317: gcc -std=gnu11 -o conftest -g -O2 -fvisibility=hidden -I/cluster/home/Kangwen/opt/bzip2/include -L/cluster/home/Kangwen/opt/bzip2/lib -Wl,-R/cluster/home/Kangwen/opt/bzip2/lib -fvisibility=hidden conftest.c  >&5
configure:5317: $? = 0
configure:5317: result: yes
configure:5328: checking for working mmap
configure:5478: gcc -std=gnu11 -o conftest -g -O2 -fvisibility=hidden -I/cluster/home/Kangwen/opt/bzip2/include -L/cluster/home/Kangwen/opt/bzip2/lib -Wl,-R/cluster/home/Kangwen/opt/bzip2/lib -fvisibility=hidden conftest.c  >&5
configure:5478: $? = 0
configure:5478: ./conftest
configure:5478: $? = 0
configure:5492: result: yes
configure:5501: checking for gmtime_r
configure:5501: gcc -std=gnu11 -o conftest -g -O2 -fvisibility=hidden -I/cluster/home/Kangwen/opt/bzip2/include -L/cluster/home/Kangwen/opt/bzip2/lib -Wl,-R/cluster/home/Kangwen/opt/bzip2/lib -fvisibility=hidden conftest.c  >&5
configure:5501: $? = 0
configure:5501: result: yes
configure:5507: checking for fsync
configure:5507: gcc -std=gnu11 -o conftest -g -O2 -fvisibility=hidden -I/cluster/home/Kangwen/opt/bzip2/include -L/cluster/home/Kangwen/opt/bzip2/lib -Wl,-R/cluster/home/Kangwen/opt/bzip2/lib -fvisibility=hidden conftest.c  >&5
configure:5507: $? = 0
configure:5507: result: yes
configure:5513: checking for drand48
configure:5513: gcc -std=gnu11 -o conftest -g -O2 -fvisibility=hidden -I/cluster/home/Kangwen/opt/bzip2/include -L/cluster/home/Kangwen/opt/bzip2/lib -Wl,-R/cluster/home/Kangwen/opt/bzip2/lib -fvisibility=hidden conftest.c  >&5
configure:5513: $? = 0
configure:5513: result: yes
configure:5519: checking for srand48_deterministic
configure:5519: gcc -std=gnu11 -o conftest -g -O2 -fvisibility=hidden -I/cluster/home/Kangwen/opt/bzip2/include -L/cluster/home/Kangwen/opt/bzip2/lib -Wl,-R/cluster/home/Kangwen/opt/bzip2/lib -fvisibility=hidden conftest.c  >&5
/tmp/cciJQcM2.o: In function `main':
/cluster/home/Kangwen/Hic/AAA_tutorial/sc3dg/sc3dg/samtools/htslib-1.19.1/conftest.c:59: undefined reference to `srand48_deterministic'
collect2: error: ld returned 1 exit status
configure:5519: $? = 1
configure: failed program was:
| /* confdefs.h */
| #define PACKAGE_NAME "HTSlib"
| #define PACKAGE_TARNAME "htslib"
| #define PACKAGE_VERSION "1.19.1"
| #define PACKAGE_STRING "HTSlib 1.19.1"
| #define PACKAGE_BUGREPORT "samtools-help@lists.sourceforge.net"
| #define PACKAGE_URL "http://www.htslib.org/"
| #define HAVE_STDIO_H 1
| #define HAVE_STDLIB_H 1
| #define HAVE_STRING_H 1
| #define HAVE_INTTYPES_H 1
| #define HAVE_STDINT_H 1
| #define HAVE_STRINGS_H 1
| #define HAVE_SYS_STAT_H 1
| #define HAVE_SYS_TYPES_H 1
| #define HAVE_UNISTD_H 1
| #define HAVE_SYS_PARAM_H 1
| #define STDC_HEADERS 1
| #define _XOPEN_SOURCE 600
| #define HAVE_SSSE3 1
| #define HAVE_POPCNT 1
| #define HAVE_SSE4_1 1
| #define UBSAN 1
| #define HAVE_POPCNT 1
| #define HAVE_AVX2 1
| #define HAVE_GETPAGESIZE 1
| #define HAVE_MMAP 1
| #define HAVE_GMTIME_R 1
| #define HAVE_FSYNC 1
| #define HAVE_DRAND48 1
| /* end confdefs.h.  */
| /* Define srand48_deterministic to an innocuous variant, in case <limits.h> declares srand48_deterministic.
|    For example, HP-UX 11i <limits.h> declares gettimeofday.  */
| #define srand48_deterministic innocuous_srand48_deterministic
| 
| /* System header to define __stub macros and hopefully few prototypes,
|    which can conflict with char srand48_deterministic (void); below.  */
| 
| #include <limits.h>
| #undef srand48_deterministic
| 
| /* Override any GCC internal prototype to avoid an error.
|    Use char because int might match the return type of a GCC
|    builtin and then its argument prototype would still apply.  */
| #ifdef __cplusplus
| extern "C"
| #endif
| char srand48_deterministic (void);
| /* The GNU C library defines this for functions which it implements
|     to always fail with ENOSYS.  Some functions are actually named
|     something starting with __ and the normal name is an alias.  */
| #if defined __stub_srand48_deterministic || defined __stub___srand48_deterministic
| choke me
| #endif
| 
| int
| main (void)
| {
| return srand48_deterministic ();
|   ;
|   return 0;
| }
configure:5519: result: no
configure:5529: checking whether fdatasync is declared
configure:5529: gcc -std=gnu11 -c -g -O2 -fvisibility=hidden  -I/cluster/home/Kangwen/opt/bzip2/include conftest.c >&5
configure:5529: $? = 0
configure:5529: result: yes
configure:5532: checking for fdatasync
configure:5532: gcc -std=gnu11 -o conftest -g -O2 -fvisibility=hidden -I/cluster/home/Kangwen/opt/bzip2/include -L/cluster/home/Kangwen/opt/bzip2/lib -Wl,-R/cluster/home/Kangwen/opt/bzip2/lib -fvisibility=hidden conftest.c  >&5
configure:5532: $? = 0
configure:5532: result: yes
configure:5680: checking for library containing log
configure:5716: gcc -std=gnu11 -o conftest -g -O2 -fvisibility=hidden -I/cluster/home/Kangwen/opt/bzip2/include -L/cluster/home/Kangwen/opt/bzip2/lib -Wl,-R/cluster/home/Kangwen/opt/bzip2/lib -fvisibility=hidden conftest.c  >&5
conftest.c:43:6: warning: conflicting types for built-in function 'log' [enabled by default]
 char log (void);
      ^
/tmp/ccKVsxgj.o: In function `main':
/cluster/home/Kangwen/Hic/AAA_tutorial/sc3dg/sc3dg/samtools/htslib-1.19.1/conftest.c:47: undefined reference to `log'
collect2: error: ld returned 1 exit status
configure:5716: $? = 1
configure: failed program was:
| /* confdefs.h */
| #define PACKAGE_NAME "HTSlib"
| #define PACKAGE_TARNAME "htslib"
| #define PACKAGE_VERSION "1.19.1"
| #define PACKAGE_STRING "HTSlib 1.19.1"
| #define PACKAGE_BUGREPORT "samtools-help@lists.sourceforge.net"
| #define PACKAGE_URL "http://www.htslib.org/"
| #define HAVE_STDIO_H 1
| #define HAVE_STDLIB_H 1
| #define HAVE_STRING_H 1
| #define HAVE_INTTYPES_H 1
| #define HAVE_STDINT_H 1
| #define HAVE_STRINGS_H 1
| #define HAVE_SYS_STAT_H 1
| #define HAVE_SYS_TYPES_H 1
| #define HAVE_UNISTD_H 1
| #define HAVE_SYS_PARAM_H 1
| #define STDC_HEADERS 1
| #define _XOPEN_SOURCE 600
| #define HAVE_SSSE3 1
| #define HAVE_POPCNT 1
| #define HAVE_SSE4_1 1
| #define UBSAN 1
| #define HAVE_POPCNT 1
| #define HAVE_AVX2 1
| #define HAVE_GETPAGESIZE 1
| #define HAVE_MMAP 1
| #define HAVE_GMTIME_R 1
| #define HAVE_FSYNC 1
| #define HAVE_DRAND48 1
| #define HAVE_FDATASYNC 1
| /* end confdefs.h.  */
| 
| /* Override any GCC internal prototype to avoid an error.
|    Use char because int might match the return type of a GCC
|    builtin and then its argument prototype would still apply.
|    The 'extern "C"' is for builds by C++ compilers;
|    although this is not generally supported in C code supporting it here
|    has little cost and some practical benefit (sr 110532).  */
| #ifdef __cplusplus
| extern "C"
| #endif
| char log (void);
| int
| main (void)
| {
| return log ();
|   ;
|   return 0;
| }
configure:5716: gcc -std=gnu11 -o conftest -g -O2 -fvisibility=hidden -I/cluster/home/Kangwen/opt/bzip2/include -L/cluster/home/Kangwen/opt/bzip2/lib -Wl,-R/cluster/home/Kangwen/opt/bzip2/lib -fvisibility=hidden conftest.c -lm   >&5
conftest.c:43:6: warning: conflicting types for built-in function 'log' [enabled by default]
 char log (void);
      ^
configure:5716: $? = 0
configure:5738: result: -lm
configure:5760: checking for zlib.h
configure:5760: gcc -std=gnu11 -c -g -O2 -fvisibility=hidden -I/cluster/home/Kangwen/opt/bzip2/include conftest.c >&5
configure:5760: $? = 0
configure:5760: result: yes
configure:5770: checking for inflate in -lz
configure:5799: gcc -std=gnu11 -o conftest -g -O2 -fvisibility=hidden -I/cluster/home/Kangwen/opt/bzip2/include -L/cluster/home/Kangwen/opt/bzip2/lib -Wl,-R/cluster/home/Kangwen/opt/bzip2/lib -fvisibility=hidden conftest.c -lz  -lm  >&5
configure:5799: $? = 0
configure:5811: result: yes
configure:5842: checking for library containing recv
configure:5878: gcc -std=gnu11 -o conftest -g -O2 -fvisibility=hidden -I/cluster/home/Kangwen/opt/bzip2/include -L/cluster/home/Kangwen/opt/bzip2/lib -Wl,-R/cluster/home/Kangwen/opt/bzip2/lib -fvisibility=hidden conftest.c -lz -lm  >&5
configure:5878: $? = 0
configure:5900: result: none required
configure:6224: checking whether htscodecs files are present
configure:6228: result: yes
configure:6271: checking for libdeflate.h
configure:6271: gcc -std=gnu11 -c -g -O2 -fvisibility=hidden -I/cluster/home/Kangwen/opt/bzip2/include conftest.c >&5
conftest.c:36:24: fatal error: libdeflate.h: No such file or directory
 #include <libdeflate.h>
                        ^
compilation terminated.
configure:6271: $? = 1
configure: failed program was:
| /* confdefs.h */
| #define PACKAGE_NAME "HTSlib"
| #define PACKAGE_TARNAME "htslib"
| #define PACKAGE_VERSION "1.19.1"
| #define PACKAGE_STRING "HTSlib 1.19.1"
| #define PACKAGE_BUGREPORT "samtools-help@lists.sourceforge.net"
| #define PACKAGE_URL "http://www.htslib.org/"
| #define HAVE_STDIO_H 1
| #define HAVE_STDLIB_H 1
| #define HAVE_STRING_H 1
| #define HAVE_INTTYPES_H 1
| #define HAVE_STDINT_H 1
| #define HAVE_STRINGS_H 1
| #define HAVE_SYS_STAT_H 1
| #define HAVE_SYS_TYPES_H 1
| #define HAVE_UNISTD_H 1
| #define HAVE_SYS_PARAM_H 1
| #define STDC_HEADERS 1
| #define _XOPEN_SOURCE 600
| #define HAVE_SSSE3 1
| #define HAVE_POPCNT 1
| #define HAVE_SSE4_1 1
| #define UBSAN 1
| #define HAVE_POPCNT 1
| #define HAVE_AVX2 1
| #define HAVE_GETPAGESIZE 1
| #define HAVE_MMAP 1
| #define HAVE_GMTIME_R 1
| #define HAVE_FSYNC 1
| #define HAVE_DRAND48 1
| #define HAVE_FDATASYNC 1
| #define HAVE_LIBZ 1
| /* end confdefs.h.  */
| ;
| 
| #include <libdeflate.h>
configure:6271: result: no
configure:6281: checking for libdeflate_deflate_compress in -ldeflate
configure:6310: gcc -std=gnu11 -o conftest -g -O2 -fvisibility=hidden -I/cluster/home/Kangwen/opt/bzip2/include -L/cluster/home/Kangwen/opt/bzip2/lib -Wl,-R/cluster/home/Kangwen/opt/bzip2/lib -fvisibility=hidden conftest.c -ldeflate  -lz -lm  >&5
/usr/bin/ld: cannot find -ldeflate
collect2: error: ld returned 1 exit status
configure:6310: $? = 1
configure: failed program was:
| /* confdefs.h */
| #define PACKAGE_NAME "HTSlib"
| #define PACKAGE_TARNAME "htslib"
| #define PACKAGE_VERSION "1.19.1"
| #define PACKAGE_STRING "HTSlib 1.19.1"
| #define PACKAGE_BUGREPORT "samtools-help@lists.sourceforge.net"
| #define PACKAGE_URL "http://www.htslib.org/"
| #define HAVE_STDIO_H 1
| #define HAVE_STDLIB_H 1
| #define HAVE_STRING_H 1
| #define HAVE_INTTYPES_H 1
| #define HAVE_STDINT_H 1
| #define HAVE_STRINGS_H 1
| #define HAVE_SYS_STAT_H 1
| #define HAVE_SYS_TYPES_H 1
| #define HAVE_UNISTD_H 1
| #define HAVE_SYS_PARAM_H 1
| #define STDC_HEADERS 1
| #define _XOPEN_SOURCE 600
| #define HAVE_SSSE3 1
| #define HAVE_POPCNT 1
| #define HAVE_SSE4_1 1
| #define UBSAN 1
| #define HAVE_POPCNT 1
| #define HAVE_AVX2 1
| #define HAVE_GETPAGESIZE 1
| #define HAVE_MMAP 1
| #define HAVE_GMTIME_R 1
| #define HAVE_FSYNC 1
| #define HAVE_DRAND48 1
| #define HAVE_FDATASYNC 1
| #define HAVE_LIBZ 1
| /* end confdefs.h.  */
| 
| /* Override any GCC internal prototype to avoid an error.
|    Use char because int might match the return type of a GCC
|    builtin and then its argument prototype would still apply.
|    The 'extern "C"' is for builds by C++ compilers;
|    although this is not generally supported in C code supporting it here
|    has little cost and some practical benefit (sr 110532).  */
| #ifdef __cplusplus
| extern "C"
| #endif
| char libdeflate_deflate_compress (void);
| int
| main (void)
| {
| return libdeflate_deflate_compress ();
|   ;
|   return 0;
| }
configure:6322: result: no
configure:6366: checking for curl/curl.h
configure:6366: gcc -std=gnu11 -c -g -O2 -fvisibility=hidden -I/cluster/home/Kangwen/opt/bzip2/include conftest.c >&5
conftest.c:36:23: fatal error: curl/curl.h: No such file or directory
 #include <curl/curl.h>
                       ^
compilation terminated.
configure:6366: $? = 1
configure: failed program was:
| /* confdefs.h */
| #define PACKAGE_NAME "HTSlib"
| #define PACKAGE_TARNAME "htslib"
| #define PACKAGE_VERSION "1.19.1"
| #define PACKAGE_STRING "HTSlib 1.19.1"
| #define PACKAGE_BUGREPORT "samtools-help@lists.sourceforge.net"
| #define PACKAGE_URL "http://www.htslib.org/"
| #define HAVE_STDIO_H 1
| #define HAVE_STDLIB_H 1
| #define HAVE_STRING_H 1
| #define HAVE_INTTYPES_H 1
| #define HAVE_STDINT_H 1
| #define HAVE_STRINGS_H 1
| #define HAVE_SYS_STAT_H 1
| #define HAVE_SYS_TYPES_H 1
| #define HAVE_UNISTD_H 1
| #define HAVE_SYS_PARAM_H 1
| #define STDC_HEADERS 1
| #define _XOPEN_SOURCE 600
| #define HAVE_SSSE3 1
| #define HAVE_POPCNT 1
| #define HAVE_SSE4_1 1
| #define UBSAN 1
| #define HAVE_POPCNT 1
| #define HAVE_AVX2 1
| #define HAVE_GETPAGESIZE 1
| #define HAVE_MMAP 1
| #define HAVE_GMTIME_R 1
| #define HAVE_FSYNC 1
| #define HAVE_DRAND48 1
| #define HAVE_FDATASYNC 1
| #define HAVE_LIBZ 1
| /* end confdefs.h.  */
| ;
| 
| #include <curl/curl.h>
configure:6366: result: no
configure:6376: checking for curl_easy_pause in -lcurl
configure:6405: gcc -std=gnu11 -o conftest -g -O2 -fvisibility=hidden -I/cluster/home/Kangwen/opt/bzip2/include -L/cluster/home/Kangwen/opt/bzip2/lib -Wl,-R/cluster/home/Kangwen/opt/bzip2/lib -fvisibility=hidden conftest.c -lcurl  -lz -lm  >&5
/usr/bin/ld: cannot find -lcurl
collect2: error: ld returned 1 exit status
configure:6405: $? = 1
configure: failed program was:
| /* confdefs.h */
| #define PACKAGE_NAME "HTSlib"
| #define PACKAGE_TARNAME "htslib"
| #define PACKAGE_VERSION "1.19.1"
| #define PACKAGE_STRING "HTSlib 1.19.1"
| #define PACKAGE_BUGREPORT "samtools-help@lists.sourceforge.net"
| #define PACKAGE_URL "http://www.htslib.org/"
| #define HAVE_STDIO_H 1
| #define HAVE_STDLIB_H 1
| #define HAVE_STRING_H 1
| #define HAVE_INTTYPES_H 1
| #define HAVE_STDINT_H 1
| #define HAVE_STRINGS_H 1
| #define HAVE_SYS_STAT_H 1
| #define HAVE_SYS_TYPES_H 1
| #define HAVE_UNISTD_H 1
| #define HAVE_SYS_PARAM_H 1
| #define STDC_HEADERS 1
| #define _XOPEN_SOURCE 600
| #define HAVE_SSSE3 1
| #define HAVE_POPCNT 1
| #define HAVE_SSE4_1 1
| #define UBSAN 1
| #define HAVE_POPCNT 1
| #define HAVE_AVX2 1
| #define HAVE_GETPAGESIZE 1
| #define HAVE_MMAP 1
| #define HAVE_GMTIME_R 1
| #define HAVE_FSYNC 1
| #define HAVE_DRAND48 1
| #define HAVE_FDATASYNC 1
| #define HAVE_LIBZ 1
| /* end confdefs.h.  */
| 
| /* Override any GCC internal prototype to avoid an error.
|    Use char because int might match the return type of a GCC
|    builtin and then its argument prototype would still apply.
|    The 'extern "C"' is for builds by C++ compilers;
|    although this is not generally supported in C code supporting it here
|    has little cost and some practical benefit (sr 110532).  */
| #ifdef __cplusplus
| extern "C"
| #endif
| char curl_easy_pause (void);
| int
| main (void)
| {
| return curl_easy_pause ();
|   ;
|   return 0;
| }
configure:6417: result: no
configure:6423: checking for curl_easy_init in -lcurl
configure:6452: gcc -std=gnu11 -o conftest -g -O2 -fvisibility=hidden -I/cluster/home/Kangwen/opt/bzip2/include -L/cluster/home/Kangwen/opt/bzip2/lib -Wl,-R/cluster/home/Kangwen/opt/bzip2/lib -fvisibility=hidden conftest.c -lcurl  -lz -lm  >&5
/usr/bin/ld: cannot find -lcurl
collect2: error: ld returned 1 exit status
configure:6452: $? = 1
configure: failed program was:
| /* confdefs.h */
| #define PACKAGE_NAME "HTSlib"
| #define PACKAGE_TARNAME "htslib"
| #define PACKAGE_VERSION "1.19.1"
| #define PACKAGE_STRING "HTSlib 1.19.1"
| #define PACKAGE_BUGREPORT "samtools-help@lists.sourceforge.net"
| #define PACKAGE_URL "http://www.htslib.org/"
| #define HAVE_STDIO_H 1
| #define HAVE_STDLIB_H 1
| #define HAVE_STRING_H 1
| #define HAVE_INTTYPES_H 1
| #define HAVE_STDINT_H 1
| #define HAVE_STRINGS_H 1
| #define HAVE_SYS_STAT_H 1
| #define HAVE_SYS_TYPES_H 1
| #define HAVE_UNISTD_H 1
| #define HAVE_SYS_PARAM_H 1
| #define STDC_HEADERS 1
| #define _XOPEN_SOURCE 600
| #define HAVE_SSSE3 1
| #define HAVE_POPCNT 1
| #define HAVE_SSE4_1 1
| #define UBSAN 1
| #define HAVE_POPCNT 1
| #define HAVE_AVX2 1
| #define HAVE_GETPAGESIZE 1
| #define HAVE_MMAP 1
| #define HAVE_GMTIME_R 1
| #define HAVE_FSYNC 1
| #define HAVE_DRAND48 1
| #define HAVE_FDATASYNC 1
| #define HAVE_LIBZ 1
| /* end confdefs.h.  */
| 
| /* Override any GCC internal prototype to avoid an error.
|    Use char because int might match the return type of a GCC
|    builtin and then its argument prototype would still apply.
|    The 'extern "C"' is for builds by C++ compilers;
|    although this is not generally supported in C code supporting it here
|    has little cost and some practical benefit (sr 110532).  */
| #ifdef __cplusplus
| extern "C"
| #endif
| char curl_easy_init (void);
| int
| main (void)
| {
| return curl_easy_init ();
|   ;
|   return 0;
| }
configure:6464: result: no
configure:6484: WARNING: libcurl not enabled: library not found
configure:6521: WARNING: GCS support not enabled: requires libcurl support
configure:6545: WARNING: S3 support not enabled: requires libcurl support
configure:6674: checking for library containing regcomp
configure:6710: gcc -std=gnu11 -o conftest -g -O2 -fvisibility=hidden -I/cluster/home/Kangwen/opt/bzip2/include -L/cluster/home/Kangwen/opt/bzip2/lib -Wl,-R/cluster/home/Kangwen/opt/bzip2/lib -fvisibility=hidden conftest.c -lz -lm  >&5
configure:6710: $? = 0
configure:6732: result: none required
configure:6905: creating ./config.status

## ---------------------- ##
## Running config.status. ##
## ---------------------- ##

This file was extended by HTSlib config.status 1.19.1, which was
generated by GNU Autoconf 2.72.  Invocation command line was

  CONFIG_FILES    = 
  CONFIG_HEADERS  = 
  CONFIG_LINKS    = 
  CONFIG_COMMANDS = 
  $ ./config.status 

on node2

config.status:855: creating config.mk
config.status:855: creating htslib.pc.tmp
config.status:855: creating config.h
config.status:1025: config.h is unchanged
config.status:1051: linking htscodecs_bundled.mk to htscodecs.mk

## ---------------- ##
## Cache variables. ##
## ---------------- ##

ac_cv_build=x86_64-pc-linux-gnu
ac_cv_c_compiler_gnu=yes
ac_cv_c_undeclared_builtin_options='none needed'
ac_cv_env_CC_set=
ac_cv_env_CC_value=
ac_cv_env_CFLAGS_set=
ac_cv_env_CFLAGS_value=
ac_cv_env_CPPFLAGS_set=set
ac_cv_env_CPPFLAGS_value=-I/cluster/home/Kangwen/opt/bzip2/include
ac_cv_env_LDFLAGS_set=set
ac_cv_env_LDFLAGS_value='-L/cluster/home/Kangwen/opt/bzip2/lib -Wl,-R/cluster/home/Kangwen/opt/bzip2/lib'
ac_cv_env_LIBS_set=
ac_cv_env_LIBS_value=
ac_cv_env_PKG_CONFIG_LIBDIR_set=
ac_cv_env_PKG_CONFIG_LIBDIR_value=
ac_cv_env_PKG_CONFIG_PATH_set=
ac_cv_env_PKG_CONFIG_PATH_value=
ac_cv_env_PKG_CONFIG_set=
ac_cv_env_PKG_CONFIG_value=
ac_cv_env_build_alias_set=
ac_cv_env_build_alias_value=
ac_cv_env_host_alias_set=
ac_cv_env_host_alias_value=
ac_cv_env_target_alias_set=
ac_cv_env_target_alias_value=
ac_cv_func_drand48=yes
ac_cv_func_fdatasync=yes
ac_cv_func_fsync=yes
ac_cv_func_getpagesize=yes
ac_cv_func_gmtime_r=yes
ac_cv_func_mmap_fixed_mapped=yes
ac_cv_func_srand48_deterministic=no
ac_cv_have_decl__XOPEN_SOURCE=no
ac_cv_have_decl_fdatasync_int_=yes
ac_cv_header_curl_curl_h=no
ac_cv_header_inttypes_h=yes
ac_cv_header_libdeflate_h=no
ac_cv_header_stdint_h=yes
ac_cv_header_stdio_h=yes
ac_cv_header_stdlib_h=yes
ac_cv_header_string_h=yes
ac_cv_header_strings_h=yes
ac_cv_header_sys_param_h=yes
ac_cv_header_sys_stat_h=yes
ac_cv_header_sys_types_h=yes
ac_cv_header_unistd_h=yes
ac_cv_header_zlib_h=yes
ac_cv_host=x86_64-pc-linux-gnu
ac_cv_lib_curl_curl_easy_init=no
ac_cv_lib_curl_curl_easy_pause=no
ac_cv_lib_deflate_libdeflate_deflate_compress=no
ac_cv_lib_z_inflate=yes
ac_cv_objext=o
ac_cv_path_GREP=/usr/bin/grep
ac_cv_path_ac_pt_PKG_CONFIG=/usr/bin/pkg-config
ac_cv_prog_ac_ct_CC=gcc
ac_cv_prog_ac_ct_RANLIB=ranlib
ac_cv_prog_cc_c11=-std=gnu11
ac_cv_prog_cc_g=yes
ac_cv_prog_cc_stdc=-std=gnu11
ac_cv_search_log=-lm
ac_cv_search_recv='none required'
ac_cv_search_regcomp='none required'
ac_cv_sys_largefile_opts='none needed'
hts_cv_check__fvisibility_hidden=yes
hts_cv_check_cflags_needed_avx2___mavx2__mpopcnt='-mavx2 -mpopcnt'
hts_cv_check_cflags_needed_avx512f___mavx512f__mpopcnt=unsupported
hts_cv_check_cflags_needed_sse4_1___msse4_1__mssse3__mpopcnt='-msse4.1 -mssse3 -mpopcnt'
hts_cv_have_versioned_symbols=yes
hts_cv_prog_cc_warnings=

## ----------------- ##
## Output variables. ##
## ----------------- ##

CC='gcc -std=gnu11'
CFLAGS='-g -O2 -fvisibility=hidden'
CPPFLAGS='-I/cluster/home/Kangwen/opt/bzip2/include'
CRYPTO_LIBS=''
DEFS='-DHAVE_CONFIG_H'
ECHO_C=''
ECHO_N='-n'
ECHO_T=''
EXEEXT=''
GREP='/usr/bin/grep'
HTSDIRslash_if_relsrcdir='$(HTSDIR)/'
LDFLAGS='-L/cluster/home/Kangwen/opt/bzip2/lib -Wl,-R/cluster/home/Kangwen/opt/bzip2/lib -fvisibility=hidden'
LIBOBJS=''
LIBS='-lz -lm '
LTLIBOBJS=''
OBJEXT='o'
PACKAGE_BUGREPORT='samtools-help@lists.sourceforge.net'
PACKAGE_NAME='HTSlib'
PACKAGE_STRING='HTSlib 1.19.1'
PACKAGE_TARNAME='htslib'
PACKAGE_URL='http://www.htslib.org/'
PACKAGE_VERSION='1.19.1'
PATH_SEPARATOR=':'
PKG_CONFIG='/usr/bin/pkg-config'
PKG_CONFIG_LIBDIR=''
PKG_CONFIG_PATH=''
PLATFORM='default'
PLUGIN_EXT='.so'
RANLIB='ranlib'
SHELL='/bin/sh'
VERSION_SCRIPT_LDFLAGS='-Wl,-version-script,$(srcprefix)htslib.map'
ac_ct_CC='gcc'
bindir='${exec_prefix}/bin'
build='x86_64-pc-linux-gnu'
build_alias=''
build_cpu='x86_64'
build_os='linux-gnu'
build_vendor='pc'
datadir='${datarootdir}'
datarootdir='${prefix}/share'
docdir='${datarootdir}/doc/${PACKAGE_TARNAME}'
dvidir='${docdir}'
enable_plugins='no'
exec_prefix='${prefix}'
gcs='disabled'
host='x86_64-pc-linux-gnu'
host_alias=''
host_cpu='x86_64'
host_os='linux-gnu'
host_vendor='pc'
htmldir='${docdir}'
hts_cflags_avx2='-mavx2 -mpopcnt'
hts_cflags_avx512=''
hts_cflags_sse4='-msse4.1 -mssse3 -mpopcnt'
includedir='${prefix}/include'
infodir='${datarootdir}/info'
libcurl='disabled'
libdir='${exec_prefix}/lib'
libexecdir='${exec_prefix}/libexec'
localedir='${datarootdir}/locale'
localstatedir='${prefix}/var'
mandir='${datarootdir}/man'
oldincludedir='/usr/include'
pc_requires=''
pdfdir='${docdir}'
plugindir='$(libexecdir)/htslib'
pluginpath='$(libexecdir)/htslib'
prefix='/cluster/home/Kangwen/anaconda3/envs/stark/lib/python3.9/site-packages/sc3dg/samtools'
private_LIBS='-L/cluster/home/Kangwen/opt/bzip2/lib -Wl,-R/cluster/home/Kangwen/opt/bzip2/lib'
program_transform_name='s,x,x,'
psdir='${docdir}'
runstatedir='${localstatedir}/run'
s3='disabled'
sbindir='${exec_prefix}/sbin'
sharedstatedir='${prefix}/com'
static_LDFLAGS='-L/cluster/home/Kangwen/opt/bzip2/lib -Wl,-R/cluster/home/Kangwen/opt/bzip2/lib'
static_LIBS='-lpthread -lz -lm'
sysconfdir='${prefix}/etc'
target_alias=''
with_external_htscodecs='no'

## ----------- ##
## confdefs.h. ##
## ----------- ##

/* confdefs.h */
#define PACKAGE_NAME "HTSlib"
#define PACKAGE_TARNAME "htslib"
#define PACKAGE_VERSION "1.19.1"
#define PACKAGE_STRING "HTSlib 1.19.1"
#define PACKAGE_BUGREPORT "samtools-help@lists.sourceforge.net"
#define PACKAGE_URL "http://www.htslib.org/"
#define HAVE_STDIO_H 1
#define HAVE_STDLIB_H 1
#define HAVE_STRING_H 1
#define HAVE_INTTYPES_H 1
#define HAVE_STDINT_H 1
#define HAVE_STRINGS_H 1
#define HAVE_SYS_STAT_H 1
#define HAVE_SYS_TYPES_H 1
#define HAVE_UNISTD_H 1
#define HAVE_SYS_PARAM_H 1
#define STDC_HEADERS 1
#define _XOPEN_SOURCE 600
#define HAVE_SSSE3 1
#define HAVE_POPCNT 1
#define HAVE_SSE4_1 1
#define UBSAN 1
#define HAVE_POPCNT 1
#define HAVE_AVX2 1
#define HAVE_GETPAGESIZE 1
#define HAVE_MMAP 1
#define HAVE_GMTIME_R 1
#define HAVE_FSYNC 1
#define HAVE_DRAND48 1
#define HAVE_FDATASYNC 1
#define HAVE_LIBZ 1

configure: exit 0
